<?xml version="1.0" encoding="UTF-8"?>
<!-- Generated by org.testng.reporters.JUnitXMLReporter -->
<testsuite hostname="PIS076" ignored="0" name="Default test" tests="9" failures="0" timestamp="2020-10-08T02:33:21 IST" time="551.257" errors="0">
  <testcase name="LoginTest" time="8.21" classname="Execution.Testcases"/>
  <testcase name="verifyImages" time="2.034" classname="Execution.Testcases"/>
  <testcase name="Addpomaster" time="18.557" classname="Execution.Testcases"/>
  <testcase name="podetail" time="13.86" classname="Execution.Testcases"/>
  <testcase name="CreateSalesOrder" time="16.918" classname="Execution.Testcases"/>
  <testcase name="SOdetail" time="21.28" classname="Execution.Testcases"/>
  <testcase name="SOdetails" time="239.26" classname="Execution.Testcases"/>
  <testcase name="inventory" time="197.192" classname="Execution.Testcases"/>
  <testcase name="out" time="12.06" classname="Execution.Testcases"/>
</testsuite> <!-- Default test -->
