<?xml version="1.0" encoding="UTF-8"?>
<testng-results skipped="0" failed="0" ignored="0" total="3" passed="3">
  <reporter-output>
  </reporter-output>
  <suite name="Default suite" duration-ms="25261" started-at="2020-09-17T02:43:33 IST" finished-at="2020-09-17T02:43:59 IST">
    <groups>
    </groups>
    <test name="Default test" duration-ms="25261" started-at="2020-09-17T02:43:33 IST" finished-at="2020-09-17T02:43:59 IST">
      <class name="Execution.WIPtab">
        <test-method status="PASS" signature="Initialize()[pri:0, instance:Execution.WIPtab@63440df3]" name="Initialize" is-config="true" duration-ms="12812" started-at="2020-09-17T02:43:33 IST" finished-at="2020-09-17T02:43:46 IST">
          <reporter-output>
          </reporter-output>
        </test-method> <!-- Initialize -->
        <test-method status="PASS" signature="LoginTest()[pri:0, instance:Execution.WIPtab@63440df3]" name="LoginTest" duration-ms="7613" started-at="2020-09-17T02:43:46 IST" finished-at="2020-09-17T02:43:54 IST">
          <reporter-output>
          </reporter-output>
        </test-method> <!-- LoginTest -->
        <test-method status="PASS" signature="verifyImages()[pri:1, instance:Execution.WIPtab@63440df3]" name="verifyImages" duration-ms="2009" started-at="2020-09-17T02:43:54 IST" finished-at="2020-09-17T02:43:56 IST">
          <reporter-output>
          </reporter-output>
        </test-method> <!-- verifyImages -->
        <test-method status="PASS" signature="out()[pri:3, instance:Execution.WIPtab@63440df3]" name="out" duration-ms="2366" started-at="2020-09-17T02:43:56 IST" finished-at="2020-09-17T02:43:58 IST">
          <reporter-output>
          </reporter-output>
        </test-method> <!-- out -->
        <test-method status="PASS" signature="close()[pri:0, instance:Execution.WIPtab@63440df3]" name="close" is-config="true" duration-ms="340" started-at="2020-09-17T02:43:58 IST" finished-at="2020-09-17T02:43:59 IST">
          <reporter-output>
          </reporter-output>
        </test-method> <!-- close -->
      </class> <!-- Execution.WIPtab -->
    </test> <!-- Default test -->
  </suite> <!-- Default suite -->
</testng-results>
